<?xml version="1.0" encoding="UTF-8"?>
<!-- Generated by org.testng.reporters.JUnitReportReporter -->
<testsuite hostname="DESKTOP-NQUCJJH" name="app.test.objecttestclass" tests="1" failures="0" timestamp="9 Jul 2020 14:36:17 GMT" time="2.721" errors="0">
  <testcase name="verify" time="2.721" classname="app.test.objecttestclass"/>
</testsuite> <!-- app.test.objecttestclass -->
