<?xml version="1.0" encoding="UTF-8"?>
<!-- Generated by org.testng.reporters.JUnitReportReporter -->
<testsuite hostname="DESKTOP-NQUCJJH" name="app.test.testpage" tests="1" failures="0" timestamp="5 Jul 2020 16:54:23 GMT" time="9.027" errors="0">
  <testcase name="verify" time="9.027" classname="app.test.testpage"/>
</testsuite> <!-- app.test.testpage -->
